          PLACE           TEAM NUMBER CORRECT PENALTY POINTS
              1              8              9           1530
              2              5              9           1845
              3              4              9           1890
              4             22              7           1044
              5             12              6           1229
              6             21              5           1172
              7             15              5           1281
              8             23              4            524
              9              1              4            737
             10             10              4            889
             11              6              4            920
             12             17              4            996
             13             19              3            773
             14             14              3            785
             15             20              3            850
             16             24              3            896
             17             13              2            284
             18             16              2            529
             19             18              2            680
             20              7              1             74
             21              9              1            143
             22             11              1            317
             23              2              0              0
             24              3              0              0
